asdfasdf
asdfasdf
asdfasdf
asdfasdf
sass
sass
sass
sass
sass
sass
sass
sass
sass
sass
sass
sass
sass
sass
sass
 *           CloudSync_TOS_APP_2.4.14_x86_64.tpk:100% /48.583Mi, 1.074Mi/s, 0sTransferred:         51.343 MiB / 51.343 MiB, 100%, 1.008 MiB/s, ETA 0s
Transferred:            8 / 9, 89%
Elapsed time:      1m42.2s
Transferring: *           CloudSync_TOS_APP_2.4.14_x86_64.tpk:100% /48.583Mi, 1.074Mi/s, 0sTransferred:         51.343 MiB / 51.343 MiB, 100%, 1.008 MiB/s, ETA 0s
Transferred:            8 / 9, 89%
Elapsed time:      1m42.2s
Transferring: *           CloudSync_TOS_APP_2.4.14_x86_64.tpk:100% /48.583Mi, 1.074Mi/s, 0sTransferred:         51.343 MiB / 51.343 MiB, 100%, 1.008 MiB/s, ETA 0s
Transferred:            8 / 9, 89%
Elapsed time:      1m42.2s
Transferring: *           CloudSync_TOS_APP_2.4.14_x86_64.tpk:100% /48.583Mi, 1.074Mi/s, 0sTransferred:         51.343 MiB / 51.343 MiB, 100%, 1.008 MiB/s, ETA 0s
Transferred:            8 / 9, 89%
Elapsed time:      1m42.2s
Transferring: *           CloudSync_TOS_APP_2.4.14_x86_64.tpk:100% /48.583Mi, 1.074Mi/s, 0sTransferred:         51.343 MiB / 51.343 MiB, 100%, 1.008 MiB/s, ETA 0s
Transferred:            8 / 9, 89%
Elapsed time:      1m42.2s
Transferring: *           CloudSync_TOS_APP_2.4.14_x86_64.tpk:100% /48.583Mi, 1.074Mi/s, 0sTransferred:         51.343 MiB / 51.343 MiB, 100%, 1.008 MiB/s, ETA 0s
Transferred:            8 / 9, 89%
Elapsed time:      1m42.2s
Transferring: *           CloudSync_TOS_APP_2.4.14_x86_64.tpk:100% /48.583Mi, 1.074Mi/s, 0sTransferred:         51.343 MiB / 51.343 MiB, 100%, 1.008 MiB/s, ETA 0s
Transferred:            8 / 9, 89%
Elapsed time:      1m42.2s
Transferring: *           CloudSync_TOS_APP_2.4.14_x86_64.tpk:100% /48.583Mi, 1.074Mi/s, 0sTransferred:         51.343 MiB / 51.343 MiB, 100%, 1.008 MiB/s, ETA 0s
Transferred:            8 / 9, 89%
Elapsed time:      1m42.2s
Transferring: